[debug] [2020-06-20T14:33:14.632Z] ----------------------------------------------------------------------
[debug] [2020-06-20T14:33:14.633Z] Command:       C:\Program Files\nodejs\node.exe C:\Users\chonm\AppData\Roaming\npm\node_modules\firebase-tools\lib\bin\firebase.js serve
[debug] [2020-06-20T14:33:14.634Z] CLI Version:   8.2.0
[debug] [2020-06-20T14:33:14.634Z] Platform:      win32
[debug] [2020-06-20T14:33:14.634Z] Node Version:  v12.14.1
[debug] [2020-06-20T14:33:14.635Z] Time:          Sat Jun 20 2020 23:33:14 GMT+0900 (GMT+09:00)
[debug] [2020-06-20T14:33:14.635Z] ----------------------------------------------------------------------
[debug] [2020-06-20T14:33:14.635Z] 
[debug] [2020-06-20T14:33:14.641Z] > command requires scopes: ["email","openid","https://www.googleapis.com/auth/cloudplatformprojects.readonly","https://www.googleapis.com/auth/firebase","https://www.googleapis.com/auth/cloud-platform"]
[debug] [2020-06-20T14:33:14.641Z] > authorizing via signed-in user
[debug] [2020-06-20T14:33:14.641Z] [iam] checking project pg-study for permissions ["firebase.projects.get"]
[debug] [2020-06-20T14:33:14.643Z] >>> HTTP REQUEST POST https://cloudresourcemanager.googleapis.com/v1/projects/pg-study:testIamPermissions  
 {"permissions":["firebase.projects.get"]}
[debug] [2020-06-20T14:33:15.740Z] <<< HTTP RESPONSE 200 {"content-type":"application/json; charset=UTF-8","vary":"X-Origin, Referer, Origin,Accept-Encoding","date":"Sat, 20 Jun 2020 14:33:16 GMT","server":"ESF","cache-control":"private","x-xss-protection":"0","x-frame-options":"SAMEORIGIN","x-content-type-options":"nosniff","server-timing":"gfet4t7; dur=570","alt-svc":"h3-28=\":443\"; ma=2592000,h3-27=\":443\"; ma=2592000,h3-25=\":443\"; ma=2592000,h3-T050=\":443\"; ma=2592000,h3-Q050=\":443\"; ma=2592000,h3-Q049=\":443\"; ma=2592000,h3-Q048=\":443\"; ma=2592000,h3-Q046=\":443\"; ma=2592000,h3-Q043=\":443\"; ma=2592000,quic=\":443\"; ma=2592000; v=\"46,43\"","accept-ranges":"none","transfer-encoding":"chunked"}
[debug] [2020-06-20T14:33:15.743Z] >>> HTTP REQUEST GET https://firebase.googleapis.com/v1beta1/projects/pg-study  
 
[debug] [2020-06-20T14:33:16.703Z] <<< HTTP RESPONSE 200 {"content-type":"application/json; charset=UTF-8","vary":"X-Origin, Referer, Origin,Accept-Encoding","date":"Sat, 20 Jun 2020 14:33:17 GMT","server":"ESF","cache-control":"private","x-xss-protection":"0","x-frame-options":"SAMEORIGIN","x-content-type-options":"nosniff","alt-svc":"h3-28=\":443\"; ma=2592000,h3-27=\":443\"; ma=2592000,h3-25=\":443\"; ma=2592000,h3-T050=\":443\"; ma=2592000,h3-Q050=\":443\"; ma=2592000,h3-Q049=\":443\"; ma=2592000,h3-Q048=\":443\"; ma=2592000,h3-Q046=\":443\"; ma=2592000,h3-Q043=\":443\"; ma=2592000,quic=\":443\"; ma=2592000; v=\"46,43\"","accept-ranges":"none","transfer-encoding":"chunked"}
[info] 
[info] === Serving from 'C:\xampp\htdocs\pg-study'...
[info] 
[debug] [2020-06-20T14:33:16.729Z] >>> HTTP REQUEST GET https://firebase.googleapis.com/v1beta1/projects/pg-study/webApps/-/config  
 
[debug] [2020-06-20T14:33:18.286Z] <<< HTTP RESPONSE 200 {"content-type":"application/json; charset=UTF-8","vary":"X-Origin, Referer, Origin,Accept-Encoding","date":"Sat, 20 Jun 2020 14:33:19 GMT","server":"ESF","cache-control":"private","x-xss-protection":"0","x-frame-options":"SAMEORIGIN","x-content-type-options":"nosniff","alt-svc":"h3-28=\":443\"; ma=2592000,h3-27=\":443\"; ma=2592000,h3-25=\":443\"; ma=2592000,h3-T050=\":443\"; ma=2592000,h3-Q050=\":443\"; ma=2592000,h3-Q049=\":443\"; ma=2592000,h3-Q048=\":443\"; ma=2592000,h3-Q046=\":443\"; ma=2592000,h3-Q043=\":443\"; ma=2592000,quic=\":443\"; ma=2592000; v=\"46,43\"","accept-ranges":"none","transfer-encoding":"chunked"}
[info] i  hosting: Serving hosting files from: dist
[info] +  hosting: Local server: http://localhost:5000
